#
# A fatal error has been detected by the Java Runtime Environment:
#
#  EXCEPTION_ACCESS_VIOLATION (0xc0000005) at pc=0x000000001c8d65a0, pid=10692, tid=0x0000000000001608
#
# JRE version: OpenJDK Runtime Environment (8.0_242-b01) (build 1.8.0_242-release-1644-b01)
# Java VM: OpenJDK 64-Bit Server VM (25.242-b01 mixed mode windows-amd64 compressed oops)
# Problematic frame:
# C  0x000000001c8d65a0
#
# Failed to write core dump. Minidumps are not enabled by default on client versions of Windows
#
# If you would like to submit a bug report, please visit:
#   
#

---------------  T H R E A D  ---------------

Current thread (0x0000000019658800):  JavaThread "C2 CompilerThread1" daemon [_thread_in_native, id=5640, stack(0x0000000019fe0000,0x000000001a0e0000)]

siginfo: ExceptionCode=0xc0000005, ExceptionInformation=0x0000000000000008 0x000000001c8d65a0

Registers:
RAX=0x000000001c8d67c8, RBX=0x0000000000000000, RCX=0x000000001c8d6798, RDX=0x0000000019722b30
RSP=0x000000001a0dc538, RBP=0x000000001a0dc589, RSI=0x000000001a0dd268, RDI=0x0000000000000000
R8 =0x0000000000000015, R9 =0x0000000000000007, R10=0x00000000000002a7, R11=0x000000001acfe168
R12=0x000000001c8d6798, R13=0x000000001a0dc8b0, R14=0x000000001c8d6840, R15=0x0000000000000000
RIP=0x000000001c8d65a0, EFLAGS=0x0000000000010202

Top of Stack: (sp=0x000000001a0dc538)
0x000000001a0dc538:   000000006308730a 000000000000002e
0x000000001a0dc548:   000000001a0dd268 000000001a0dc8b0
0x000000001a0dc558:   0000000000000000 000000001fc28f00
0x000000001a0dc568:   000000001fc7a7c0 000000001fc27ca0
0x000000001a0dc578:   0000000002683dd0 000000006320f9e8
0x000000001a0dc588:   0000000002683dd0 0000000000000200
0x000000001a0dc598:   000000001b637ea0 000000001ef86cb0
0x000000001a0dc5a8:   0000000000000000 0000000000000014
0x000000001a0dc5b8:   0000000000000000 0000000000000012
0x000000001a0dc5c8:   000000001a0dc8b0 0000000000000001
0x000000001a0dc5d8:   00000000000000c8 000000001a0dc640
0x000000001a0dc5e8:   0000000063089c98 000000001a0dc8b0
0x000000001a0dc5f8:   0000000020228000 000000001a0dc640
0x000000001a0dc608:   000000001a0dd268 0000000000100000
0x000000001a0dc618:   0000000000000000 0000000000000000
0x000000001a0dc628:   0000000000000000 0000000000000000 

Instructions: (pc=0x000000001c8d65a0)
0x000000001c8d6580:   00 00 00 00 00 00 00 00 00 00 00 00 00 00 00 00
0x000000001c8d6590:   00 00 00 00 00 00 00 00 00 00 00 00 00 00 00 00
0x000000001c8d65a0:   88 e8 1f 63 00 00 00 00 d8 65 8d 1c 00 00 00 00
0x000000001c8d65b0:   00 66 8d 1c 00 00 00 00 01 00 00 00 01 00 00 00 


Register to memory mapping:

RAX=0x000000001c8d67c8 is an unknown value
RBX=0x0000000000000000 is an unknown value
RCX=0x000000001c8d6798 is an unknown value
RDX=0x0000000019722b30 is an unknown value
RSP=0x000000001a0dc538 is pointing into the stack for thread: 0x0000000019658800
RBP=0x000000001a0dc589 is pointing into the stack for thread: 0x0000000019658800
RSI=0x000000001a0dd268 is pointing into the stack for thread: 0x0000000019658800
RDI=0x0000000000000000 is an unknown value
R8 =0x0000000000000015 is an unknown value
R9 =0x0000000000000007 is an unknown value
R10=0x00000000000002a7 is an unknown value
R11=0x000000001acfe168 is an unknown value
R12=0x000000001c8d6798 is an unknown value
R13=0x000000001a0dc8b0 is pointing into the stack for thread: 0x0000000019658800
R14=0x000000001c8d6840 is an unknown value
R15=0x0000000000000000 is an unknown value


Stack: [0x0000000019fe0000,0x000000001a0e0000],  sp=0x000000001a0dc538,  free space=1009k
Native frames: (J=compiled Java code, j=interpreted, Vv=VM code, C=native code)
C  0x000000001c8d65a0


Current CompileTask:
C2: 191494 16660       4       com.android.tools.r8.code.u1::a (4075 bytes)


---------------  P R O C E S S  ---------------

Java Threads: ( => current thread )
  0x000000001ae53800 JavaThread "ForkJoinPool-2-worker-0" daemon [_thread_blocked, id=6352, stack(0x000000002b260000,0x000000002b360000)]
  0x000000001ae58000 JavaThread "ForkJoinPool-2-worker-7" daemon [_thread_blocked, id=4232, stack(0x000000002b160000,0x000000002b260000)]
  0x000000001ae54800 JavaThread "ForkJoinPool-2-worker-6" daemon [_thread_blocked, id=8804, stack(0x000000002b060000,0x000000002b160000)]
  0x000000001ae59800 JavaThread "ForkJoinPool-2-worker-5" daemon [_thread_blocked, id=10208, stack(0x000000002af60000,0x000000002b060000)]
  0x000000001ae57800 JavaThread "ForkJoinPool-2-worker-4" daemon [_thread_blocked, id=8816, stack(0x000000002ae60000,0x000000002af60000)]
  0x0000000020d8e800 JavaThread "ForkJoinPool-2-worker-3" daemon [_thread_blocked, id=2052, stack(0x000000002ad60000,0x000000002ae60000)]
  0x000000001c5ac000 JavaThread "ForkJoinPool-2-worker-2" daemon [_thread_in_Java, id=9576, stack(0x000000002ac60000,0x000000002ad60000)]
  0x000000001c5a8000 JavaThread "ForkJoinPool-2-worker-1" daemon [_thread_blocked, id=9404, stack(0x000000002ab60000,0x000000002ac60000)]
  0x000000001c5a9000 JavaThread "WorkerExecutor Queue Thread 9" [_thread_blocked, id=4180, stack(0x0000000029f50000,0x000000002a050000)]
  0x000000001c5aa800 JavaThread "WorkerExecutor Queue Thread 8" [_thread_blocked, id=10568, stack(0x0000000029e50000,0x0000000029f50000)]
  0x000000001c5a9800 JavaThread "WorkerExecutor Queue Thread 7" [_thread_blocked, id=9208, stack(0x0000000029d50000,0x0000000029e50000)]
  0x000000001c5a3800 JavaThread "WorkerExecutor Queue Thread 6" [_thread_blocked, id=2468, stack(0x0000000029c50000,0x0000000029d50000)]
  0x000000001c5a0800 JavaThread "WorkerExecutor Queue Thread 5" [_thread_blocked, id=10732, stack(0x0000000029b50000,0x0000000029c50000)]
  0x000000001c5a0000 JavaThread "WorkerExecutor Queue Thread 4" [_thread_blocked, id=9836, stack(0x0000000029a50000,0x0000000029b50000)]
  0x000000001c5a5000 JavaThread "WorkerExecutor Queue Thread 3" [_thread_blocked, id=3120, stack(0x0000000029950000,0x0000000029a50000)]
  0x000000001c59d800 JavaThread "Cache worker for Java compile cache (C:\Users\admin\AndroidStudioProjects\slotmachine\.gradle\6.1.1\javaCompile)" [_thread_blocked, id=9628, stack(0x0000000029170000,0x0000000029270000)]
  0x000000001c5a1800 JavaThread "Cache worker for Java compile cache (C:\Users\admin\.gradle\caches\6.1.1\javaCompile)" [_thread_blocked, id=10688, stack(0x0000000029070000,0x0000000029170000)]
  0x000000001c59f000 JavaThread "WorkerExecutor Queue Thread 2" [_thread_blocked, id=7856, stack(0x0000000028d70000,0x0000000028e70000)]
  0x000000001c5a4800 JavaThread "stdout" [_thread_in_native, id=2244, stack(0x0000000028c70000,0x0000000028d70000)]
  0x000000001c59d000 JavaThread "stderr" [_thread_in_native, id=11120, stack(0x0000000028b70000,0x0000000028c70000)]
  0x000000001c5a2000 JavaThread "pool-5-thread-1" [_thread_blocked, id=10108, stack(0x0000000028a70000,0x0000000028b70000)]
  0x000000001c59e800 JavaThread "WorkerExecutor Queue" [_thread_blocked, id=10436, stack(0x0000000028620000,0x0000000028720000)]
  0x0000000020d99000 JavaThread "Cache worker for execution history cache (C:\Users\admin\AndroidStudioProjects\slotmachine\.gradle\6.1.1\executionHistory)" [_thread_blocked, id=9692, stack(0x0000000028770000,0x0000000028870000)]
  0x0000000019660000 JavaThread "Execution worker for ':' Thread 7" [_thread_blocked, id=7968, stack(0x0000000028520000,0x0000000028620000)]
  0x000000001965f800 JavaThread "Execution worker for ':' Thread 6" [_thread_blocked, id=8016, stack(0x0000000028420000,0x0000000028520000)]
  0x0000000019659800 JavaThread "Execution worker for ':' Thread 5" [_thread_blocked, id=3000, stack(0x0000000028320000,0x0000000028420000)]
  0x000000001965d000 JavaThread "Execution worker for ':' Thread 4" [_thread_blocked, id=8576, stack(0x0000000028220000,0x0000000028320000)]
  0x000000001f860000 JavaThread "Execution worker for ':' Thread 3" [_thread_blocked, id=5076, stack(0x0000000028120000,0x0000000028220000)]
  0x000000001f85f000 JavaThread "Execution worker for ':' Thread 2" [_thread_blocked, id=9236, stack(0x0000000028020000,0x0000000028120000)]
  0x000000001f85d800 JavaThread "Execution worker for ':'" [_thread_blocked, id=10564, stack(0x0000000027f20000,0x0000000028020000)]
  0x000000001f862000 JavaThread "Cache worker for file content cache (C:\Users\admin\AndroidStudioProjects\slotmachine\.gradle\6.1.1\fileContent)" [_thread_blocked, id=3684, stack(0x0000000027e20000,0x0000000027f20000)]
  0x000000001f861800 JavaThread "Cache worker for Build Output Cleanup Cache (C:\Users\admin\AndroidStudioProjects\slotmachine\.gradle\buildOutputCleanup)" [_thread_blocked, id=8828, stack(0x00000000274d0000,0x00000000275d0000)]
  0x000000001f85e800 JavaThread "Build operations Thread 8" [_thread_blocked, id=8316, stack(0x00000000273d0000,0x00000000274d0000)]
  0x000000001f863000 JavaThread "Build operations Thread 7" [_thread_blocked, id=9524, stack(0x00000000270d0000,0x00000000271d0000)]
  0x000000001f85d000 JavaThread "Build operations Thread 6" [_thread_blocked, id=9304, stack(0x0000000026fd0000,0x00000000270d0000)]
  0x000000001f860800 JavaThread "Build operations Thread 5" [_thread_blocked, id=3708, stack(0x0000000026ed0000,0x0000000026fd0000)]
  0x000000001f855800 JavaThread "Build operations Thread 4" [_thread_blocked, id=9264, stack(0x0000000026290000,0x0000000026390000)]
  0x000000001f85c000 JavaThread "Build operations Thread 3" [_thread_blocked, id=3244, stack(0x0000000024320000,0x0000000024420000)]
  0x000000001f85b800 JavaThread "Build operations Thread 2" [_thread_blocked, id=4268, stack(0x0000000024220000,0x0000000024320000)]
  0x000000001f854800 JavaThread "Build operations" [_thread_blocked, id=9992, stack(0x0000000024120000,0x0000000024220000)]
  0x000000001f857800 JavaThread "Cache worker for cache directory md-rule (C:\Users\admin\.gradle\caches\6.1.1\md-rule)" [_thread_blocked, id=8796, stack(0x0000000023c20000,0x0000000023d20000)]
  0x000000001f854000 JavaThread "Cache worker for cache directory md-supplier (C:\Users\admin\.gradle\caches\6.1.1\md-supplier)" [_thread_blocked, id=10064, stack(0x0000000023670000,0x0000000023770000)]
  0x000000001f856000 JavaThread "Cache worker for file hash cache (C:\Users\admin\AndroidStudioProjects\slotmachine\.gradle\6.1.1\fileHashes)" [_thread_blocked, id=9312, stack(0x0000000021aa0000,0x0000000021ba0000)]
  0x000000001f85a800 JavaThread "Cache worker for checksums cache (C:\Users\admin\AndroidStudioProjects\slotmachine\.gradle\checksums)" [_thread_blocked, id=10004, stack(0x0000000020760000,0x0000000020860000)]
  0x0000000020d9c000 JavaThread "Thread-62" [_thread_blocked, id=9928, stack(0x0000000020660000,0x0000000020760000)]
  0x0000000020d99800 JavaThread "Stdin handler" [_thread_blocked, id=2768, stack(0x000000001dac0000,0x000000001dbc0000)]
  0x0000000020d94800 JavaThread "Asynchronous log dispatcher for DefaultDaemonConnection: socket connection from /127.0.0.1:50070 to /127.0.0.1:50161" [_thread_blocked, id=904, stack(0x000000001d7c0000,0x000000001d8c0000)]
  0x0000000020d98000 JavaThread "Daemon worker Thread 3" [_thread_blocked, id=808, stack(0x000000001d2c0000,0x000000001d3c0000)]
  0x0000000020d9b000 JavaThread "Cancel handler" [_thread_blocked, id=10068, stack(0x0000000000860000,0x0000000000960000)]
  0x0000000020d90000 JavaThread "Handler for socket connection from /127.0.0.1:50070 to /127.0.0.1:50161" [_thread_in_native, id=1900, stack(0x0000000000760000,0x0000000000860000)]
  0x0000000020d93800 JavaThread "Daemon Thread 3" [_thread_blocked, id=5804, stack(0x0000000000660000,0x0000000000760000)]
  0x0000000020d96800 JavaThread "Cache worker for file content cache (C:\Users\admin\.gradle\caches\6.1.1\fileContent)" [_thread_blocked, id=10764, stack(0x0000000026190000,0x0000000026290000)]
  0x0000000020d96000 JavaThread "Memory manager" [_thread_blocked, id=9544, stack(0x0000000026090000,0x0000000026190000)]
  0x000000001965b800 JavaThread "Cache worker for execution history cache (C:\Users\admin\.gradle\caches\6.1.1\executionHistory)" [_thread_blocked, id=2328, stack(0x0000000021ba0000,0x0000000021ca0000)]
  0x000000001965a000 JavaThread "Cache worker for file hash cache (C:\Users\admin\.gradle\caches\6.1.1\fileHashes)" [_thread_blocked, id=10220, stack(0x000000001dfc0000,0x000000001e0c0000)]
  0x000000001965e000 JavaThread "File lock request listener" [_thread_in_native, id=10464, stack(0x000000001dec0000,0x000000001dfc0000)]
  0x000000001a618800 JavaThread "Cache worker for journal cache (C:\Users\admin\.gradle\caches\journal-1)" [_thread_blocked, id=2548, stack(0x000000001ddc0000,0x000000001dec0000)]
  0x000000001bfc7000 JavaThread "Daemon periodic checks" [_thread_blocked, id=2596, stack(0x000000001d1c0000,0x000000001d2c0000)]
  0x000000001bfbf000 JavaThread "Incoming local TCP Connector on port 50070" [_thread_in_native, id=972, stack(0x000000001cf80000,0x000000001d080000)]
  0x000000001bb5a800 JavaThread "Daemon health stats" [_thread_blocked, id=10104, stack(0x000000001cc80000,0x000000001cd80000)]
  0x000000001966e000 JavaThread "Service Thread" daemon [_thread_blocked, id=9512, stack(0x000000001a2e0000,0x000000001a3e0000)]
  0x000000001965e800 JavaThread "C1 CompilerThread3" daemon [_thread_blocked, id=4072, stack(0x000000001a1e0000,0x000000001a2e0000)]
  0x000000001965b000 JavaThread "C2 CompilerThread2" daemon [_thread_in_native, id=9328, stack(0x000000001a0e0000,0x000000001a1e0000)]
=>0x0000000019658800 JavaThread "C2 CompilerThread1" daemon [_thread_in_native, id=5640, stack(0x0000000019fe0000,0x000000001a0e0000)]
  0x0000000019655000 JavaThread "C2 CompilerThread0" daemon [_thread_in_native, id=5716, stack(0x0000000019ee0000,0x0000000019fe0000)]
  0x0000000019654800 JavaThread "Attach Listener" daemon [_thread_blocked, id=9964, stack(0x0000000019de0000,0x0000000019ee0000)]
  0x00000000195ff800 JavaThread "Signal Dispatcher" daemon [_thread_blocked, id=10808, stack(0x0000000019ce0000,0x0000000019de0000)]
  0x000000000275e000 JavaThread "Finalizer" daemon [_thread_blocked, id=3412, stack(0x0000000019ac0000,0x0000000019bc0000)]
  0x0000000002757000 JavaThread "Reference Handler" daemon [_thread_blocked, id=10444, stack(0x00000000199c0000,0x0000000019ac0000)]
  0x000000000255d800 JavaThread "main" [_thread_blocked, id=11084, stack(0x0000000002560000,0x0000000002660000)]

Other Threads:
  0x00000000177c6000 VMThread [stack: 0x00000000194c0000,0x00000000195c0000] [id=7268]
  0x000000001966e800 WatcherThread [stack: 0x000000001a3e0000,0x000000001a4e0000] [id=8044]

VM state:not at safepoint (normal execution)

VM Mutex/Monitor currently owned by a thread: None

heap address: 0x0000000080000000, size: 2048 MB, Compressed Oops mode: 32-bit
Narrow klass base: 0x0000000000000000, Narrow klass shift: 3
Compressed class space size: 1073741824 Address: 0x0000000100000000

Heap:
 PSYoungGen      total 392192K, used 218669K [0x00000000d5580000, 0x00000000f3280000, 0x0000000100000000)
  eden space 351744K, 62% used [0x00000000d5580000,0x00000000e2b0b428,0x00000000ead00000)
  from space 40448K, 0% used [0x00000000ead00000,0x00000000ead00000,0x00000000ed480000)
  to   space 45568K, 0% used [0x00000000f0600000,0x00000000f0600000,0x00000000f3280000)
 ParOldGen       total 286720K, used 70975K [0x0000000080000000, 0x0000000091800000, 0x00000000d5580000)
  object space 286720K, 24% used [0x0000000080000000,0x000000008454fda0,0x0000000091800000)
 Metaspace       used 101530K, capacity 107316K, committed 107568K, reserved 1142784K
  class space    used 13439K, capacity 14572K, committed 14640K, reserved 1048576K

Card table byte_map: [0x0000000011b20000,0x0000000011f30000] byte_map_base: 0x0000000011720000

Marking Bits: (ParMarkBitMap*) 0x000000006339f030
 Begin Bits: [0x00000000129e0000, 0x00000000149e0000)
 End Bits:   [0x00000000149e0000, 0x00000000169e0000)

Polling page: 0x0000000000480000

CodeCache: size=245760Kb used=45857Kb max_used=45857Kb free=199902Kb
 bounds [0x0000000002760000, 0x0000000005480000, 0x0000000011760000]
 total_blobs=15315 nmethods=14409 adapters=816
 compilation: enabled

Compilation events (10 events):
Event: 191.469 Thread 0x000000001965e800 16767       3       com.android.tools.r8.code.R0::hashCode (21 bytes)
Event: 191.469 Thread 0x000000001965e800 nmethod 16767 0x0000000004105c90 code [0x0000000004105e00, 0x00000000041060c8]
Event: 191.469 Thread 0x000000001965e800 16768       3       com.android.tools.r8.code.S0::hashCode (21 bytes)
Event: 191.469 Thread 0x000000001965e800 nmethod 16768 0x0000000004105790 code [0x0000000004105900, 0x0000000004105bc8]
Event: 191.472 Thread 0x000000001965e800 16769       3       com.android.tools.r8.graph.f0::z (8 bytes)
Event: 191.473 Thread 0x000000001965e800 nmethod 16769 0x0000000004104ed0 code [0x0000000004105080, 0x00000000041054e8]
Event: 191.473 Thread 0x000000001965e800 16770       3       com.android.tools.r8.graph.Q::<init> (10 bytes)
Event: 191.473 Thread 0x000000001965e800 nmethod 16770 0x0000000004104a50 code [0x0000000004104bc0, 0x0000000004104df0]
Event: 191.475 Thread 0x000000001965e800 16771       3       com.android.tools.r8.code.J3::<init> (7 bytes)
Event: 191.476 Thread 0x000000001965e800 nmethod 16771 0x0000000004104210 code [0x00000000041043a0, 0x0000000004104790]

GC Heap History (10 events):
Event: 7.158 GC heap before
{Heap before GC invocations=13 (full 3):
 PSYoungGen      total 292864K, used 273408K [0x00000000d5580000, 0x00000000eba80000, 0x0000000100000000)
  eden space 273408K, 100% used [0x00000000d5580000,0x00000000e6080000,0x00000000e6080000)
  from space 19456K, 0% used [0x00000000e6080000,0x00000000e6080000,0x00000000e7380000)
  to   space 23040K, 0% used [0x00000000ea400000,0x00000000ea400000,0x00000000eba80000)
 ParOldGen       total 180224K, used 34071K [0x0000000080000000, 0x000000008b000000, 0x00000000d5580000)
  object space 180224K, 18% used [0x0000000080000000,0x0000000082145c28,0x000000008b000000)
 Metaspace       used 62711K, capacity 65908K, committed 66224K, reserved 1105920K
  class space    used 8668K, capacity 9293K, committed 9392K, reserved 1048576K
Event: 7.171 GC heap after
Heap after GC invocations=13 (full 3):
 PSYoungGen      total 339968K, used 21471K [0x00000000d5580000, 0x00000000ebf80000, 0x0000000100000000)
  eden space 316928K, 0% used [0x00000000d5580000,0x00000000d5580000,0x00000000e8b00000)
  from space 23040K, 93% used [0x00000000ea400000,0x00000000eb8f7f90,0x00000000eba80000)
  to   space 25600K, 0% used [0x00000000e8b00000,0x00000000e8b00000,0x00000000ea400000)
 ParOldGen       total 180224K, used 34079K [0x0000000080000000, 0x000000008b000000, 0x00000000d5580000)
  object space 180224K, 18% used [0x0000000080000000,0x0000000082147c28,0x000000008b000000)
 Metaspace       used 62711K, capacity 65908K, committed 66224K, reserved 1105920K
  class space    used 8668K, capacity 9293K, committed 9392K, reserved 1048576K
}
Event: 96.157 GC heap before
{Heap before GC invocations=14 (full 3):
 PSYoungGen      total 339968K, used 338399K [0x00000000d5580000, 0x00000000ebf80000, 0x0000000100000000)
  eden space 316928K, 100% used [0x00000000d5580000,0x00000000e8b00000,0x00000000e8b00000)
  from space 23040K, 93% used [0x00000000ea400000,0x00000000eb8f7f90,0x00000000eba80000)
  to   space 25600K, 0% used [0x00000000e8b00000,0x00000000e8b00000,0x00000000ea400000)
 ParOldGen       total 180224K, used 34079K [0x0000000080000000, 0x000000008b000000, 0x00000000d5580000)
  object space 180224K, 18% used [0x0000000080000000,0x0000000082147c28,0x000000008b000000)
 Metaspace       used 78725K, capacity 82666K, committed 82736K, reserved 1120256K
  class space    used 10530K, capacity 11281K, committed 11312K, reserved 1048576K
Event: 96.194 GC heap after
Heap after GC invocations=14 (full 3):
 PSYoungGen      total 342528K, used 25580K [0x00000000d5580000, 0x00000000efc80000, 0x0000000100000000)
  eden space 316928K, 0% used [0x00000000d5580000,0x00000000d5580000,0x00000000e8b00000)
  from space 25600K, 99% used [0x00000000e8b00000,0x00000000ea3fb220,0x00000000ea400000)
  to   space 36352K, 0% used [0x00000000ed900000,0x00000000ed900000,0x00000000efc80000)
 ParOldGen       total 180224K, used 53382K [0x0000000080000000, 0x000000008b000000, 0x00000000d5580000)
  object space 180224K, 29% used [0x0000000080000000,0x0000000083421ba0,0x000000008b000000)
 Metaspace       used 78725K, capacity 82666K, committed 82736K, reserved 1120256K
  class space    used 10530K, capacity 11281K, committed 11312K, reserved 1048576K
}
Event: 188.896 GC heap before
{Heap before GC invocations=15 (full 3):
 PSYoungGen      total 342528K, used 342508K [0x00000000d5580000, 0x00000000efc80000, 0x0000000100000000)
  eden space 316928K, 100% used [0x00000000d5580000,0x00000000e8b00000,0x00000000e8b00000)
  from space 25600K, 99% used [0x00000000e8b00000,0x00000000ea3fb220,0x00000000ea400000)
  to   space 36352K, 0% used [0x00000000ed900000,0x00000000ed900000,0x00000000efc80000)
 ParOldGen       total 180224K, used 53382K [0x0000000080000000, 0x000000008b000000, 0x00000000d5580000)
  object space 180224K, 29% used [0x0000000080000000,0x0000000083421ba0,0x000000008b000000)
 Metaspace       used 86261K, capacity 90630K, committed 90928K, reserved 1128448K
  class space    used 11400K, capacity 12255K, committed 12336K, reserved 1048576K
Event: 188.926 GC heap after
Heap after GC invocations=15 (full 3):
 PSYoungGen      total 387584K, used 32583K [0x00000000d5580000, 0x00000000efc00000, 0x0000000100000000)
  eden space 351744K, 0% used [0x00000000d5580000,0x00000000d5580000,0x00000000ead00000)
  from space 35840K, 90% used [0x00000000ed900000,0x00000000ef8d1f88,0x00000000efc00000)
  to   space 40448K, 0% used [0x00000000ead00000,0x00000000ead00000,0x00000000ed480000)
 ParOldGen       total 180224K, used 65092K [0x0000000080000000, 0x000000008b000000, 0x00000000d5580000)
  object space 180224K, 36% used [0x0000000080000000,0x0000000083f91210,0x000000008b000000)
 Metaspace       used 86261K, capacity 90630K, committed 90928K, reserved 1128448K
  class space    used 11400K, capacity 12255K, committed 12336K, reserved 1048576K
}
Event: 190.230 GC heap before
{Heap before GC invocations=16 (full 3):
 PSYoungGen      total 387584K, used 205440K [0x00000000d5580000, 0x00000000efc00000, 0x0000000100000000)
  eden space 351744K, 49% used [0x00000000d5580000,0x00000000dfe4e308,0x00000000ead00000)
  from space 35840K, 90% used [0x00000000ed900000,0x00000000ef8d1f88,0x00000000efc00000)
  to   space 40448K, 0% used [0x00000000ead00000,0x00000000ead00000,0x00000000ed480000)
 ParOldGen       total 180224K, used 65092K [0x0000000080000000, 0x000000008b000000, 0x00000000d5580000)
  object space 180224K, 36% used [0x0000000080000000,0x0000000083f91210,0x000000008b000000)
 Metaspace       used 93721K, capacity 98528K, committed 98600K, reserved 1134592K
  class space    used 12288K, capacity 13224K, committed 13232K, reserved 1048576K
Event: 190.256 GC heap after
Heap after GC invocations=16 (full 3):
 PSYoungGen      total 392192K, used 37508K [0x00000000d5580000, 0x00000000f3280000, 0x0000000100000000)
  eden space 351744K, 0% used [0x00000000d5580000,0x00000000d5580000,0x00000000ead00000)
  from space 40448K, 92% used [0x00000000ead00000,0x00000000ed1a1010,0x00000000ed480000)
  to   space 45568K, 0% used [0x00000000f0600000,0x00000000f0600000,0x00000000f3280000)
 ParOldGen       total 180224K, used 65100K [0x0000000080000000, 0x000000008b000000, 0x00000000d5580000)
  object space 180224K, 36% used [0x0000000080000000,0x0000000083f93210,0x000000008b000000)
 Metaspace       used 93721K, capacity 98528K, committed 98600K, reserved 1134592K
  class space    used 12288K, capacity 13224K, committed 13232K, reserved 1048576K
}
Event: 190.256 GC heap before
{Heap before GC invocations=17 (full 4):
 PSYoungGen      total 392192K, used 37508K [0x00000000d5580000, 0x00000000f3280000, 0x0000000100000000)
  eden space 351744K, 0% used [0x00000000d5580000,0x00000000d5580000,0x00000000ead00000)
  from space 40448K, 92% used [0x00000000ead00000,0x00000000ed1a1010,0x00000000ed480000)
  to   space 45568K, 0% used [0x00000000f0600000,0x00000000f0600000,0x00000000f3280000)
 ParOldGen       total 180224K, used 65100K [0x0000000080000000, 0x000000008b000000, 0x00000000d5580000)
  object space 180224K, 36% used [0x0000000080000000,0x0000000083f93210,0x000000008b000000)
 Metaspace       used 93721K, capacity 98528K, committed 98600K, reserved 1134592K
  class space    used 12288K, capacity 13224K, committed 13232K, reserved 1048576K
Event: 190.404 GC heap after
Heap after GC invocations=17 (full 4):
 PSYoungGen      total 392192K, used 0K [0x00000000d5580000, 0x00000000f3280000, 0x0000000100000000)
  eden space 351744K, 0% used [0x00000000d5580000,0x00000000d5580000,0x00000000ead00000)
  from space 40448K, 0% used [0x00000000ead00000,0x00000000ead00000,0x00000000ed480000)
  to   space 45568K, 0% used [0x00000000f0600000,0x00000000f0600000,0x00000000f3280000)
 ParOldGen       total 286720K, used 70975K [0x0000000080000000, 0x0000000091800000, 0x00000000d5580000)
  object space 286720K, 24% used [0x0000000080000000,0x000000008454fda0,0x0000000091800000)
 Metaspace       used 93203K, capacity 97088K, committed 98600K, reserved 1134592K
  class space    used 12123K, capacity 12942K, committed 13232K, reserved 1048576K
}

Deoptimization events (10 events):
Event: 191.358 Thread 0x000000001c5ac000 Uncommon trap: reason=unstable_if action=reinterpret pc=0x00000000030ea070 method=java.util.Arrays.hashCode([Ljava/lang/Object;)I @ 1
Event: 191.358 Thread 0x000000001c5a8000 Uncommon trap: reason=unstable_if action=reinterpret pc=0x00000000030ea070 method=java.util.Arrays.hashCode([Ljava/lang/Object;)I @ 1
Event: 191.358 Thread 0x000000001ae58000 Uncommon trap: reason=unstable_if action=reinterpret pc=0x00000000030ea070 method=java.util.Arrays.hashCode([Ljava/lang/Object;)I @ 1
Event: 191.358 Thread 0x000000001ae53800 Uncommon trap: reason=unstable_if action=reinterpret pc=0x00000000030ea070 method=java.util.Arrays.hashCode([Ljava/lang/Object;)I @ 1
Event: 191.358 Thread 0x000000001ae54800 Uncommon trap: reason=unstable_if action=reinterpret pc=0x00000000030ea070 method=java.util.Arrays.hashCode([Ljava/lang/Object;)I @ 1
Event: 191.390 Thread 0x000000001c5ac000 Uncommon trap: reason=unstable_if action=reinterpret pc=0x0000000002ac6c9c method=com.android.tools.r8.dex.n.i()Lcom/android/tools/r8/graph/h0; @ 29
Event: 191.430 Thread 0x000000001c5ac000 Uncommon trap: reason=speculate_class_check action=maybe_recompile pc=0x0000000004ce78e0 method=com.android.tools.r8.graph.k.equals(Ljava/lang/Object;)Z @ 7
Event: 191.430 Thread 0x000000001c5ac000 Uncommon trap: reason=speculate_class_check action=maybe_recompile pc=0x0000000004ce78e0 method=com.android.tools.r8.graph.k.equals(Ljava/lang/Object;)Z @ 7
Event: 191.430 Thread 0x000000001c5ac000 Uncommon trap: reason=speculate_class_check action=maybe_recompile pc=0x0000000004ce78e0 method=com.android.tools.r8.graph.k.equals(Ljava/lang/Object;)Z @ 7
Event: 191.431 Thread 0x000000001c5ac000 Uncommon trap: reason=speculate_class_check action=maybe_recompile pc=0x0000000004ce78e0 method=com.android.tools.r8.graph.k.equals(Ljava/lang/Object;)Z @ 7

Classes redefined (0 events):
No events

Internal exceptions (10 events):
Event: 190.993 Thread 0x000000001c59f000 Exception <a 'sun/nio/fs/WindowsException'> (0x00000000dc9709d8) thrown at [C:\src\AOSP-openjdk-git\hotspot\src\share\vm\prims\jni.cpp, line 710]
Event: 190.994 Thread 0x000000001c59f000 Exception <a 'sun/nio/fs/WindowsException'> (0x00000000dc976e70) thrown at [C:\src\AOSP-openjdk-git\hotspot\src\share\vm\prims\jni.cpp, line 710]
Event: 190.995 Thread 0x000000001c59f000 Exception <a 'sun/nio/fs/WindowsException'> (0x00000000dcb7cb88) thrown at [C:\src\AOSP-openjdk-git\hotspot\src\share\vm\prims\jni.cpp, line 710]
Event: 191.116 Thread 0x0000000019659800 Exception <a 'java/lang/NoSuchMethodError': <clinit>> (0x00000000dd9146c8) thrown at [C:\src\AOSP-openjdk-git\hotspot\src\share\vm\prims\jni.cpp, line 1615]
Event: 191.202 Thread 0x000000001c5a5000 Exception <a 'sun/nio/fs/WindowsException'> (0x00000000de7626f8) thrown at [C:\src\AOSP-openjdk-git\hotspot\src\share\vm\prims\jni.cpp, line 710]
Event: 191.358 Thread 0x000000001c5ac000 Implicit null exception at 0x00000000030e9f6f to 0x00000000030ea061
Event: 191.358 Thread 0x000000001ae53800 Implicit null exception at 0x00000000030e9f6f to 0x00000000030ea061
Event: 191.358 Thread 0x000000001c5a8000 Implicit null exception at 0x00000000030e9f6f to 0x00000000030ea061
Event: 191.358 Thread 0x000000001ae58000 Implicit null exception at 0x00000000030e9f6f to 0x00000000030ea061
Event: 191.358 Thread 0x000000001ae54800 Implicit null exception at 0x00000000030e9f6f to 0x00000000030ea061

Events (10 events):
Event: 191.430 Thread 0x000000001c5ac000 DEOPT UNPACKING pc=0x00000000027a557b sp=0x000000002ad5ee70 mode 2
Event: 191.430 Thread 0x000000001c5ac000 Uncommon trap: trap_request=0xffffff76 fr.pc=0x0000000004ce78e0
Event: 191.430 Thread 0x000000001c5ac000 DEOPT PACKING pc=0x0000000004ce78e0 sp=0x000000002ad5ef80
Event: 191.430 Thread 0x000000001c5ac000 DEOPT UNPACKING pc=0x00000000027a557b sp=0x000000002ad5ee70 mode 2
Event: 191.430 Thread 0x000000001c5ac000 Uncommon trap: trap_request=0xffffff76 fr.pc=0x0000000004ce78e0
Event: 191.430 Thread 0x000000001c5ac000 DEOPT PACKING pc=0x0000000004ce78e0 sp=0x000000002ad5efa0
Event: 191.430 Thread 0x000000001c5ac000 DEOPT UNPACKING pc=0x00000000027a557b sp=0x000000002ad5ee90 mode 2
Event: 191.431 Thread 0x000000001c5ac000 Uncommon trap: trap_request=0xffffff76 fr.pc=0x0000000004ce78e0
Event: 191.431 Thread 0x000000001c5ac000 DEOPT PACKING pc=0x0000000004ce78e0 sp=0x000000002ad5ef80
Event: 191.431 Thread 0x000000001c5ac000 DEOPT UNPACKING pc=0x00000000027a557b sp=0x000000002ad5ee70 mode 2


Dynamic libraries:
0x00007ff63e600000 - 0x00007ff63e631000 	C:\Program Files\Android\Android Studio\jre\bin\java.exe
0x00007ffd62d60000 - 0x00007ffd62f50000 	C:\WINDOWS\SYSTEM32\ntdll.dll
0x00007ffd61900000 - 0x00007ffd619b2000 	C:\WINDOWS\System32\KERNEL32.DLL
0x00007ffd60a20000 - 0x00007ffd60cc5000 	C:\WINDOWS\System32\KERNELBASE.dll
0x00007ffd61e10000 - 0x00007ffd61eb3000 	C:\WINDOWS\System32\ADVAPI32.dll
0x00007ffd62240000 - 0x00007ffd622de000 	C:\WINDOWS\System32\msvcrt.dll
0x00007ffd62590000 - 0x00007ffd62627000 	C:\WINDOWS\System32\sechost.dll
0x00007ffd61a90000 - 0x00007ffd61bb0000 	C:\WINDOWS\System32\RPCRT4.dll
0x00007ffd611c0000 - 0x00007ffd61354000 	C:\WINDOWS\System32\USER32.dll
0x00007ffd60960000 - 0x00007ffd60981000 	C:\WINDOWS\System32\win32u.dll
0x00007ffd61ed0000 - 0x00007ffd61ef6000 	C:\WINDOWS\System32\GDI32.dll
0x00007ffd60600000 - 0x00007ffd60796000 	C:\WINDOWS\System32\gdi32full.dll
0x00007ffd608c0000 - 0x00007ffd6095e000 	C:\WINDOWS\System32\msvcp_win.dll
0x00007ffd607a0000 - 0x00007ffd6089a000 	C:\WINDOWS\System32\ucrtbase.dll
0x00007ffd4f850000 - 0x00007ffd4fad4000 	C:\WINDOWS\WinSxS\amd64_microsoft.windows.common-controls_6595b64144ccf1df_6.0.18362.1256_none_9e7e379be45e40e2\COMCTL32.dll
0x00007ffd61f00000 - 0x00007ffd62236000 	C:\WINDOWS\System32\combase.dll
0x00007ffd60990000 - 0x00007ffd60a11000 	C:\WINDOWS\System32\bcryptPrimitives.dll
0x00007ffd623a0000 - 0x00007ffd623ce000 	C:\WINDOWS\System32\IMM32.DLL
0x0000000062890000 - 0x0000000062962000 	C:\Program Files\Android\Android Studio\jre\jre\bin\msvcr100.dll
0x0000000062bd0000 - 0x000000006341b000 	C:\Program Files\Android\Android Studio\jre\jre\bin\server\jvm.dll
0x00007ffd61ec0000 - 0x00007ffd61ec8000 	C:\WINDOWS\System32\PSAPI.DLL
0x00007ffd5dba0000 - 0x00007ffd5dbc4000 	C:\WINDOWS\SYSTEM32\WINMM.dll
0x00007ffd5a6d0000 - 0x00007ffd5a6da000 	C:\WINDOWS\SYSTEM32\VERSION.dll
0x00007ffd5c530000 - 0x00007ffd5c539000 	C:\WINDOWS\SYSTEM32\WSOCK32.dll
0x00007ffd61bd0000 - 0x00007ffd61c3f000 	C:\WINDOWS\System32\WS2_32.dll
0x00007ffd5db70000 - 0x00007ffd5db9d000 	C:\WINDOWS\SYSTEM32\WINMMBASE.dll
0x00007ffd5fe20000 - 0x00007ffd5fe6a000 	C:\WINDOWS\System32\cfgmgr32.dll
0x00007ffd5c460000 - 0x00007ffd5c46f000 	C:\Program Files\Android\Android Studio\jre\jre\bin\verify.dll
0x00007ffd52560000 - 0x00007ffd52589000 	C:\Program Files\Android\Android Studio\jre\jre\bin\java.dll
0x00007ffd52320000 - 0x00007ffd52336000 	C:\Program Files\Android\Android Studio\jre\jre\bin\zip.dll
0x00007ffd62630000 - 0x00007ffd62d17000 	C:\WINDOWS\System32\SHELL32.dll
0x00007ffd613e0000 - 0x00007ffd61489000 	C:\WINDOWS\System32\shcore.dll
0x00007ffd5fe70000 - 0x00007ffd605f1000 	C:\WINDOWS\System32\windows.storage.dll
0x00007ffd5fc50000 - 0x00007ffd5fc73000 	C:\WINDOWS\System32\profapi.dll
0x00007ffd5fc80000 - 0x00007ffd5fcca000 	C:\WINDOWS\System32\powrprof.dll
0x00007ffd5fc00000 - 0x00007ffd5fc10000 	C:\WINDOWS\System32\UMPDC.dll
0x00007ffd62340000 - 0x00007ffd62392000 	C:\WINDOWS\System32\shlwapi.dll
0x00007ffd5fc10000 - 0x00007ffd5fc21000 	C:\WINDOWS\System32\kernel.appcore.dll
0x00007ffd608a0000 - 0x00007ffd608b7000 	C:\WINDOWS\System32\cryptsp.dll
0x00007ffd52300000 - 0x00007ffd5231a000 	C:\Program Files\Android\Android Studio\jre\jre\bin\net.dll
0x00007ffd5f450000 - 0x00007ffd5f4b7000 	C:\WINDOWS\system32\mswsock.dll
0x00007ffd522e0000 - 0x00007ffd522f3000 	C:\Program Files\Android\Android Studio\jre\jre\bin\nio.dll
0x00007ffd2d460000 - 0x00007ffd2d486000 	C:\Users\admin\.gradle\native\31\windows-amd64\native-platform.dll
0x00007ffd52550000 - 0x00007ffd5255d000 	C:\Program Files\Android\Android Studio\jre\jre\bin\management.dll
0x00007ffd5ef60000 - 0x00007ffd5ef93000 	C:\WINDOWS\system32\rsaenh.dll
0x00007ffd60cd0000 - 0x00007ffd60cf6000 	C:\WINDOWS\System32\bcrypt.dll
0x00007ffd5fb20000 - 0x00007ffd5fb45000 	C:\WINDOWS\SYSTEM32\USERENV.dll
0x00007ffd5f620000 - 0x00007ffd5f62c000 	C:\WINDOWS\SYSTEM32\CRYPTBASE.dll
0x00007ffd5f160000 - 0x00007ffd5f19a000 	C:\WINDOWS\SYSTEM32\IPHLPAPI.DLL
0x00007ffd623e0000 - 0x00007ffd623e8000 	C:\WINDOWS\System32\NSI.dll
0x00007ffd597e0000 - 0x00007ffd597f6000 	C:\WINDOWS\SYSTEM32\dhcpcsvc6.DLL
0x00007ffd59ba0000 - 0x00007ffd59bbc000 	C:\WINDOWS\SYSTEM32\dhcpcsvc.DLL
0x00007ffd5f1a0000 - 0x00007ffd5f26b000 	C:\WINDOWS\SYSTEM32\DNSAPI.dll
0x00007ffd508d0000 - 0x00007ffd50ac4000 	C:\WINDOWS\SYSTEM32\dbghelp.dll

VM Arguments:
jvm_args: -Xmx2048m -Dfile.encoding=GBK -Duser.country=PH -Duser.language=en -Duser.variant 
java_command: org.gradle.launcher.daemon.bootstrap.GradleDaemon 6.1.1
java_class_path (initial): C:\Users\admin\.gradle\wrapper\dists\gradle-6.1.1-all\cfmwm155h49vnt3hynmlrsdst\gradle-6.1.1\lib\gradle-launcher-6.1.1.jar
Launcher Type: SUN_STANDARD

Environment Variables:
PATH=C:\Program Files (x86)\Common Files\Oracle\Java\javapath;C:\WINDOWS\system32;C:\WINDOWS;C:\WINDOWS\System32\Wbem;C:\WINDOWS\System32\WindowsPowerShell\v1.0\;C:\Program Files\Git\cmd;C:\Program Files\nodejs\;C:\WINDOWS\System32\OpenSSH\;C:\Windows\System32\cmd.exe;C:\Program Files\Java\jre1.8.0_231\bin;C:\Users\admin\AppData\Local\Microsoft\WindowsApps;C:\Users\admin\AppData\Roaming\npm;C:\Users\admin\AppData\Local\Programs\Microsoft VS Code\bin;
USERNAME=admin
OS=Windows_NT
PROCESSOR_IDENTIFIER=Intel64 Family 6 Model 158 Stepping 9, GenuineIntel



---------------  S Y S T E M  ---------------

OS: Windows 10.0 , 64 bit Build 18362 (10.0.18362.1110)

CPU:total 8 (initial active 8) (4 cores per cpu, 2 threads per core) family 6 model 158 stepping 9, cmov, cx8, fxsr, mmx, sse, sse2, sse3, ssse3, sse4.1, sse4.2, popcnt, avx, avx2, aes, clmul, erms, rtm, 3dnowpref, lzcnt, ht, tsc, tscinvbit, bmi1, bmi2, adx

Memory: 4k page, physical 12447388k(4075244k free), swap 20749572k(11062796k free)

vm_info: OpenJDK 64-Bit Server VM (25.242-b01) for windows-amd64 JRE (1.8.0_242-release-1644-b01), built by "builder" with MS VC++ 10.0 (VS2010)

time: Mon Jan 11 12:13:29 2021
timezone: China Standard Time
elapsed time: 191 seconds (0d 0h 3m 11s)

